<?xml version="1.0" encoding="UTF-8"?>
<testng-results ignored="0" total="1" passed="1" failed="0" skipped="0">
  <reporter-output>
  </reporter-output>
  <suite started-at="2023-05-30T18:18:40 CLT" name="Sample Test Suite" finished-at="2023-05-30T18:21:16 CLT" duration-ms="155830">
    <groups>
    </groups>
    <test started-at="2023-05-30T18:18:40 CLT" name="Southbridge Test Automation" finished-at="2023-05-30T18:21:16 CLT" duration-ms="155830">
      <class name="test.java.carritocompras.CC_Test">
        <test-method is-config="true" signature="beforeTestMethod()[pri:0, instance:test.java.carritocompras.CC_Test@3d6f0054]" started-at="2023-05-30T18:18:40 CLT" name="beforeTestMethod" finished-at="2023-05-30T18:18:40 CLT" duration-ms="197" status="PASS">
          <reporter-output>
          </reporter-output>
        </test-method> <!-- beforeTestMethod -->
        <test-method is-config="true" signature="beforeMethodMethod(java.lang.String,java.lang.reflect.Method)[pri:0, instance:test.java.carritocompras.CC_Test@3d6f0054]" started-at="2023-05-30T18:18:40 CLT" name="beforeMethodMethod" finished-at="2023-05-30T18:19:06 CLT" duration-ms="25415" status="PASS">
          <params>
            <param index="0">
              <value>
                <![CDATA[chrome]]>
              </value>
            </param>
            <param index="1">
              <value>
                <![CDATA[public void test.java.carritocompras.CC_Test.CC_QA_Automatizacion(java.lang.String[]) throws java.lang.InterruptedException]]>
              </value>
            </param>
          </params>
          <reporter-output>
          </reporter-output>
        </test-method> <!-- beforeMethodMethod -->
        <test-method signature="CC_QA_Automatizacion([Ljava.lang.String;)[pri:0, instance:test.java.carritocompras.CC_Test@3d6f0054]" started-at="2023-05-30T18:19:06 CLT" name="CC_QA_Automatizacion" data-provider="BCISeguros" finished-at="2023-05-30T18:21:15 CLT" duration-ms="129481" status="PASS">
          <params>
            <param index="0">
              <value>
                <![CDATA[[Ljava.lang.String;@4beeb0e]]>
              </value>
            </param>
          </params>
          <reporter-output>
          </reporter-output>
        </test-method> <!-- CC_QA_Automatizacion -->
        <test-method is-config="true" signature="afterMethodMethod(org.testng.ITestResult)[pri:0, instance:test.java.carritocompras.CC_Test@3d6f0054]" started-at="2023-05-30T18:21:15 CLT" name="afterMethodMethod" finished-at="2023-05-30T18:21:16 CLT" duration-ms="122" status="PASS">
          <params>
            <param index="0">
              <value>
                <![CDATA[[TestResult name=CC_QA_Automatizacion status=SUCCESS method=CC_Test.CC_QA_Automatizacion([Ljava.lang.String;)[pri:0, instance:test.java.carritocompras.CC_Test@3d6f0054] output={null}]]]>
              </value>
            </param>
          </params>
          <reporter-output>
          </reporter-output>
        </test-method> <!-- afterMethodMethod -->
        <test-method is-config="true" signature="afterTestMethod()[pri:0, instance:test.java.carritocompras.CC_Test@3d6f0054]" started-at="2023-05-30T18:21:16 CLT" name="afterTestMethod" finished-at="2023-05-30T18:21:16 CLT" duration-ms="389" status="PASS">
          <reporter-output>
          </reporter-output>
        </test-method> <!-- afterTestMethod -->
      </class> <!-- test.java.carritocompras.CC_Test -->
    </test> <!-- Southbridge Test Automation -->
  </suite> <!-- Sample Test Suite -->
</testng-results>
