<?xml version="1.0" encoding="UTF-8"?>
<!-- Generated by org.testng.reporters.JUnitXMLReporter -->
<testsuite ignored="0" hostname="TestGroup" failures="0" tests="2" name="Southbridge Test Automation" time="346.595" errors="0" timestamp="2023-06-12T18:25:07 CLT">
  <testcase classname="test.java.carritocompras.CC_Test" name="CC_QA_Automatizacion" time="149.468"/>
  <testcase classname="test.java.carritocompras.CC_Test" name="CC_QA_Automatizacion" time="151.885"/>
</testsuite> <!-- Southbridge Test Automation -->
